app/build/intermediates/manifest_merge_blame_file/debug/manifest-merger-blame-debug-report.txt
1<?xml version="1.0" encoding="utf-8"?>
2<manifest xmlns:android="http://schemas.android.com/apk/res/android"
3    package="com.example.scankitdemo"
4    android:versionCode="1"
5    android:versionName="1.0" >
6
7    <uses-sdk
8        android:minSdkVersion="19"
8-->src\main\AndroidManifest.xml
9        android:targetSdkVersion="28" />
9-->src\main\AndroidManifest.xml
10
11    <uses-permission android:name="android.permission.CAMERA" />
11-->src\main\AndroidManifest.xml:5:5-65
11-->src\main\AndroidManifest.xml:5:22-62
12    <uses-permission android:name="android.permission.READ_EXTERNAL_STORAGE" />
12-->src\main\AndroidManifest.xml:6:5-80
12-->src\main\AndroidManifest.xml:6:22-77
13
14    <uses-feature android:name="android.hardware.camera" />
14-->src\main\AndroidManifest.xml:7:5-60
14-->src\main\AndroidManifest.xml:7:19-57
15    <uses-feature android:name="android.hardware.camera.autofocus" />
15-->src\main\AndroidManifest.xml:8:5-70
15-->src\main\AndroidManifest.xml:8:19-67
16
17    <uses-permission android:name="android.permission.ACCESS_NETWORK_STATE" />
17-->[com.huawei.hms:ml-computer-ha-inner:2.0.1.300] AndroidManifest.xml:11:5-79
17-->[com.huawei.hms:ml-computer-ha-inner:2.0.1.300] AndroidManifest.xml:11:22-76
18
19    <application
19-->src\main\AndroidManifest.xml:10:5-25:19
20        android:allowBackup="true"
20-->src\main\AndroidManifest.xml:11:9-35
21        android:debuggable="true"
22        android:icon="@mipmap/ic_launcher"
22-->src\main\AndroidManifest.xml:12:9-43
23        android:label="@string/app_name"
23-->src\main\AndroidManifest.xml:13:9-41
24        android:roundIcon="@mipmap/ic_launcher_round"
24-->src\main\AndroidManifest.xml:14:9-54
25        android:supportsRtl="true"
25-->src\main\AndroidManifest.xml:15:9-35
26        android:testOnly="true" >
27        <activity android:name="com.example.scankitdemo.MainActivity" >
27-->src\main\AndroidManifest.xml:17:9-23:20
27-->src\main\AndroidManifest.xml:17:19-47
28            <intent-filter>
28-->src\main\AndroidManifest.xml:18:13-22:29
29                <action android:name="android.intent.action.MAIN" />
29-->src\main\AndroidManifest.xml:19:17-69
29-->src\main\AndroidManifest.xml:19:25-66
30
31                <category android:name="android.intent.category.LAUNCHER" />
31-->src\main\AndroidManifest.xml:21:17-77
31-->src\main\AndroidManifest.xml:21:27-74
32            </intent-filter>
33        </activity>
34
35        <meta-data
35-->[com.huawei.hms:scan:1.2.2.300] AndroidManifest.xml:14:9-16:40
36            android:name="huawei_module_scankit_local"
36-->[com.huawei.hms:scan:1.2.2.300] AndroidManifest.xml:15:13-55
37            android:value="10103300" />
37-->[com.huawei.hms:scan:1.2.2.300] AndroidManifest.xml:16:13-37
38        <meta-data
38-->[com.huawei.hms:scan:1.2.2.300] AndroidManifest.xml:17:9-19:46
39            android:name="huawei_module_scankit_sdk_version"
39-->[com.huawei.hms:scan:1.2.2.300] AndroidManifest.xml:18:13-61
40            android:value="scan:1.2.2.300" />
40-->[com.huawei.hms:scan:1.2.2.300] AndroidManifest.xml:19:13-43
41        <meta-data
41-->[com.huawei.hms:scan:1.2.2.300] AndroidManifest.xml:20:9-22:46
42            android:name="com.huawei.hms.client.service.name:scan"
42-->[com.huawei.hms:scan:1.2.2.300] AndroidManifest.xml:21:13-67
43            android:value="scan:1.2.2.300" />
43-->[com.huawei.hms:scan:1.2.2.300] AndroidManifest.xml:22:13-43
44        <meta-data
44-->[com.huawei.hms:scan:1.2.2.300] AndroidManifest.xml:23:9-25:33
45            android:name="com.huawei.hms.min_api_level:scan:huawei_module_scankit"
45-->[com.huawei.hms:scan:1.2.2.300] AndroidManifest.xml:24:13-83
46            android:value="1" />
46-->[com.huawei.hms:scan:1.2.2.300] AndroidManifest.xml:25:13-30
47        <meta-data
47-->[com.huawei.hms:scan:1.2.2.300] AndroidManifest.xml:26:9-28:33
48            android:name="com.huawei.hms.min_api_level:scan:hmscore"
48-->[com.huawei.hms:scan:1.2.2.300] AndroidManifest.xml:27:13-69
49            android:value="1" />
49-->[com.huawei.hms:scan:1.2.2.300] AndroidManifest.xml:28:13-30
50
51        <activity android:name="com.huawei.hms.hmsscankit.ScanKitActivity" />
51-->[com.huawei.hms:scan:1.2.2.300] AndroidManifest.xml:30:9-78
51-->[com.huawei.hms:scan:1.2.2.300] AndroidManifest.xml:30:19-75
52
53        <meta-data
53-->[com.huawei.hms:ml-computer-camera-inner:2.0.1.300] AndroidManifest.xml:12:9-14:66
54            android:name="com.huawei.hms.client.service.name:ml-computer-camera-inner"
54-->[com.huawei.hms:ml-computer-camera-inner:2.0.1.300] AndroidManifest.xml:13:13-87
55            android:value="ml-computer-camera-inner:2.0.1.300" />
55-->[com.huawei.hms:ml-computer-camera-inner:2.0.1.300] AndroidManifest.xml:14:13-63
56        <meta-data
56-->[com.huawei.hms:ml-computer-ha-inner:2.0.1.300] AndroidManifest.xml:14:9-16:62
57            android:name="com.huawei.hms.client.service.name:ml-computer-ha-inner"
57-->[com.huawei.hms:ml-computer-ha-inner:2.0.1.300] AndroidManifest.xml:15:13-83
58            android:value="ml-computer-ha-inner:2.0.1.300" />
58-->[com.huawei.hms:ml-computer-ha-inner:2.0.1.300] AndroidManifest.xml:16:13-59
59        <meta-data
59-->[com.huawei.hms:dynamic-api:1.0.13.303] AndroidManifest.xml:12:9-14:54
60            android:name="com.huawei.hms.client.service.name:dynamic-api"
60-->[com.huawei.hms:dynamic-api:1.0.13.303] AndroidManifest.xml:13:13-74
61            android:value="dynamic-api:1.0.13.303" />
61-->[com.huawei.hms:dynamic-api:1.0.13.303] AndroidManifest.xml:14:13-51
62        <meta-data
62-->[com.huawei.hms:dynamic-api:1.0.13.303] AndroidManifest.xml:15:9-17:33
63            android:name="com.huawei.hms.min_api_level:dynamic-api:huawei_module_dynamicloader"
63-->[com.huawei.hms:dynamic-api:1.0.13.303] AndroidManifest.xml:16:13-96
64            android:value="2" />
64-->[com.huawei.hms:dynamic-api:1.0.13.303] AndroidManifest.xml:17:13-30
65
66        <provider
66-->[com.huawei.hms:ml-computer-sdkbase-inner:2.0.1.300] AndroidManifest.xml:13:9-16:40
67            android:name="com.huawei.hms.mlsdk.common.provider.MLInitializerProvider"
67-->[com.huawei.hms:ml-computer-sdkbase-inner:2.0.1.300] AndroidManifest.xml:14:13-86
68            android:authorities="com.example.scankitdemo.MLInitializerProvider"
68-->[com.huawei.hms:ml-computer-sdkbase-inner:2.0.1.300] AndroidManifest.xml:15:13-73
69            android:exported="false" />
69-->[com.huawei.hms:ml-computer-sdkbase-inner:2.0.1.300] AndroidManifest.xml:16:13-37
70        <provider
70-->[com.huawei.agconnect:agconnect-core:1.3.1.300] AndroidManifest.xml:11:9-14:40
71            android:name="com.huawei.agconnect.core.provider.AGConnectInitializeProvider"
71-->[com.huawei.agconnect:agconnect-core:1.3.1.300] AndroidManifest.xml:12:13-90
72            android:authorities="com.example.scankitdemo.AGCInitializeProvider"
72-->[com.huawei.agconnect:agconnect-core:1.3.1.300] AndroidManifest.xml:13:13-73
73            android:exported="false" />
73-->[com.huawei.agconnect:agconnect-core:1.3.1.300] AndroidManifest.xml:14:13-37
74
75        <service
75-->[com.huawei.agconnect:agconnect-core:1.3.1.300] AndroidManifest.xml:16:9-18:40
76            android:name="com.huawei.agconnect.core.ServiceDiscovery"
76-->[com.huawei.agconnect:agconnect-core:1.3.1.300] AndroidManifest.xml:17:13-70
77            android:exported="false" />
77-->[com.huawei.agconnect:agconnect-core:1.3.1.300] AndroidManifest.xml:18:13-37
78    </application>
79
80</manifest>